# JRE version: Java(TM) SE Runtime Environment (23.0.1+11) (build 23.0.1+11-39)
# Java VM: Java HotSpot(TM) 64-Bit Server VM (23.0.1+11-39, mixed mode, sharing, tiered, compressed oops, compressed class ptrs, g1 gc, windows-amd64)
GC Precious Log:
 CardTable entry size: 512
 Card Set container configuration: InlinePtr #cards 5 size 8 Array Of Cards #cards 10 size 36 Howl #buckets 4 coarsen threshold 1843 Howl Bitmap #cards 512 size 80 coarsen threshold 460 Card regions per heap region 1 cards per card region 2048
 CPUs: 12 total, 12 available
 Memory: 7520M
 Large Page Support: Disabled
 NUMA Support: Disabled
 Compressed Oops: Enabled (32-bit)
 Heap Region Size: 1M
 Heap Min Capacity: 8M
 Heap Initial Capacity: 118M
 Heap Max Capacity: 1882M
 Pre-touch: Disabled
 Parallel Workers: 10
 Concurrent Workers: 3
 Concurrent Refinement Workers: 10
 Periodic GC: Disabled
Heap:
 garbage-first heap   total reserved 1927168K, committed 109568K, used 44231K [0x000000008a600000, 0x0000000100000000)
  region size 1024K, 3 young (3072K), 3 survivors (3072K)
 Metaspace       used 30186K, committed 30720K, reserved 1114112K
  class space    used 3503K, committed 3776K, reserved 1048576K
GC Heap History (19 events):
Event: 0.938 GC heap before
{Heap before GC invocations=0 (full 0):
 garbage-first heap   total reserved 1927168K, committed 120832K, used 24576K [0x000000008a600000, 0x0000000100000000)
  region size 1024K, 24 young (24576K), 0 survivors (0K)
 Metaspace       used 5858K, committed 6016K, reserved 1114112K
  class space    used 723K, committed 768K, reserved 1048576K
}
Event: 0.948 GC heap after
{Heap after GC invocations=1 (full 0):
 garbage-first heap   total reserved 1927168K, committed 120832K, used 3872K [0x000000008a600000, 0x0000000100000000)
  region size 1024K, 3 young (3072K), 3 survivors (3072K)
 Metaspace       used 5858K, committed 6016K, reserved 1114112K
  class space    used 723K, committed 768K, reserved 1048576K
}
Event: 1.349 GC heap before
{Heap before GC invocations=1 (full 0):
 garbage-first heap   total reserved 1927168K, committed 120832K, used 27424K [0x000000008a600000, 0x0000000100000000)
  region size 1024K, 26 young (26624K), 3 survivors (3072K)
 Metaspace       used 8486K, committed 8704K, reserved 1114112K
  class space    used 1036K, committed 1152K, reserved 1048576K
}
Event: 1.356 GC heap after
{Heap after GC invocations=2 (full 0):
 garbage-first heap   total reserved 1927168K, committed 120832K, used 5149K [0x000000008a600000, 0x0000000100000000)
  region size 1024K, 2 young (2048K), 2 survivors (2048K)
 Metaspace       used 8486K, committed 8704K, reserved 1114112K
  class space    used 1036K, committed 1152K, reserved 1048576K
}
Event: 2.711 GC heap before
{Heap before GC invocations=2 (full 0):
 garbage-first heap   total reserved 1927168K, committed 120832K, used 61469K [0x000000008a600000, 0x0000000100000000)
  region size 1024K, 58 young (59392K), 2 survivors (2048K)
 Metaspace       used 15598K, committed 15872K, reserved 1114112K
  class space    used 1920K, committed 2048K, reserved 1048576K
}
Event: 2.726 GC heap after
{Heap after GC invocations=3 (full 0):
 garbage-first heap   total reserved 1927168K, committed 120832K, used 12038K [0x000000008a600000, 0x0000000100000000)
  region size 1024K, 8 young (8192K), 8 survivors (8192K)
 Metaspace       used 15598K, committed 15872K, reserved 1114112K
  class space    used 1920K, committed 2048K, reserved 1048576K
}
Event: 3.496 GC heap before
{Heap before GC invocations=3 (full 0):
 garbage-first heap   total reserved 1927168K, committed 120832K, used 67334K [0x000000008a600000, 0x0000000100000000)
  region size 1024K, 62 young (63488K), 8 survivors (8192K)
 Metaspace       used 16225K, committed 16512K, reserved 1114112K
  class space    used 1950K, committed 2048K, reserved 1048576K
}
Event: 3.521 GC heap after
{Heap after GC invocations=4 (full 0):
 garbage-first heap   total reserved 1927168K, committed 120832K, used 16084K [0x000000008a600000, 0x0000000100000000)
  region size 1024K, 5 young (5120K), 5 survivors (5120K)
 Metaspace       used 16225K, committed 16512K, reserved 1114112K
  class space    used 1950K, committed 2048K, reserved 1048576K
}
Event: 4.977 GC heap before
{Heap before GC invocations=4 (full 0):
 garbage-first heap   total reserved 1927168K, committed 120832K, used 77524K [0x000000008a600000, 0x0000000100000000)
  region size 1024K, 62 young (63488K), 5 survivors (5120K)
 Metaspace       used 21178K, committed 21504K, reserved 1114112K
  class space    used 2551K, committed 2688K, reserved 1048576K
}
Event: 4.992 GC heap after
{Heap after GC invocations=5 (full 0):
 garbage-first heap   total reserved 1927168K, committed 145408K, used 25300K [0x000000008a600000, 0x0000000100000000)
  region size 1024K, 9 young (9216K), 9 survivors (9216K)
 Metaspace       used 21178K, committed 21504K, reserved 1114112K
  class space    used 2551K, committed 2688K, reserved 1048576K
}
Event: 6.128 GC heap before
{Heap before GC invocations=6 (full 0):
 garbage-first heap   total reserved 1927168K, committed 86016K, used 85716K [0x000000008a600000, 0x0000000100000000)
  region size 1024K, 68 young (69632K), 9 survivors (9216K)
 Metaspace       used 26793K, committed 27200K, reserved 1114112K
  class space    used 3148K, committed 3328K, reserved 1048576K
}
Event: 6.171 GC heap after
{Heap after GC invocations=7 (full 0):
 garbage-first heap   total reserved 1927168K, committed 109568K, used 37588K [0x000000008a600000, 0x0000000100000000)
  region size 1024K, 10 young (10240K), 10 survivors (10240K)
 Metaspace       used 26793K, committed 27200K, reserved 1114112K
  class space    used 3148K, committed 3328K, reserved 1048576K
}
Event: 7.022 GC heap before
{Heap before GC invocations=7 (full 0):
 garbage-first heap   total reserved 1927168K, committed 109568K, used 81620K [0x000000008a600000, 0x0000000100000000)
  region size 1024K, 54 young (55296K), 10 survivors (10240K)
 Metaspace       used 28943K, committed 29376K, reserved 1114112K
  class space    used 3380K, committed 3584K, reserved 1048576K
}
Event: 7.041 GC heap after
{Heap after GC invocations=8 (full 0):
 garbage-first heap   total reserved 1927168K, committed 109568K, used 40148K [0x000000008a600000, 0x0000000100000000)
  region size 1024K, 3 young (3072K), 3 survivors (3072K)
 Metaspace       used 28943K, committed 29376K, reserved 1114112K
  class space    used 3380K, committed 3584K, reserved 1048576K
}
Event: 7.517 GC heap before
{Heap before GC invocations=8 (full 0):
 garbage-first heap   total reserved 1927168K, committed 109568K, used 86228K [0x000000008a600000, 0x0000000100000000)
  region size 1024K, 48 young (49152K), 3 survivors (3072K)
 Metaspace       used 29904K, committed 30464K, reserved 1114112K
  class space    used 3494K, committed 3776K, reserved 1048576K
}
Event: 7.526 GC heap after
{Heap after GC invocations=9 (full 0):
 garbage-first heap   total reserved 1927168K, committed 109568K, used 41413K [0x000000008a600000, 0x0000000100000000)
  region size 1024K, 4 young (4096K), 4 survivors (4096K)
 Metaspace       used 29904K, committed 30464K, reserved 1114112K
  class space    used 3494K, committed 3776K, reserved 1048576K
}
Event: 7.754 GC heap before
{Heap before GC invocations=9 (full 0):
 garbage-first heap   total reserved 1927168K, committed 109568K, used 89541K [0x000000008a600000, 0x0000000100000000)
  region size 1024K, 51 young (52224K), 4 survivors (4096K)
 Metaspace       used 30063K, committed 30592K, reserved 1114112K
  class space    used 3502K, committed 3776K, reserved 1048576K
}
Event: 7.766 GC heap after
{Heap after GC invocations=10 (full 0):
 garbage-first heap   total reserved 1927168K, committed 109568K, used 43732K [0x000000008a600000, 0x0000000100000000)
  region size 1024K, 4 young (4096K), 4 survivors (4096K)
 Metaspace       used 30063K, committed 30592K, reserved 1114112K
  class space    used 3502K, committed 3776K, reserved 1048576K
}
Event: 8.038 GC heap before
{Heap before GC invocations=10 (full 0):
 garbage-first heap   total reserved 1927168K, committed 109568K, used 91860K [0x000000008a600000, 0x0000000100000000)
  region size 1024K, 51 young (52224K), 4 survivors (4096K)
 Metaspace       used 30186K, committed 30720K, reserved 1114112K
  class space    used 3503K, committed 3776K, reserved 1048576K
}

